-- The C compiler identification is GNU 11.4.0
-- The CXX compiler identification is GNU 11.4.0
-- Detecting C compiler ABI info
-- Detecting C compiler ABI info - done
-- Check for working C compiler: /usr/bin/cc - skipped
-- Detecting C compile features
-- Detecting C compile features - done
-- Detecting CXX compiler ABI info
-- Detecting CXX compiler ABI info - done
-- Check for working CXX compiler: /usr/bin/c++ - skipped
-- Detecting CXX compile features
-- Detecting CXX compile features - done
-- Found ament_cmake: 1.3.10 (/opt/ros/humble/share/ament_cmake/cmake)
-- Found Python3: /usr/bin/python3 (found version "3.10.12") found components: Interpreter 
-- Found rosidl_default_generators: 1.2.0 (/opt/ros/humble/share/rosidl_default_generators/cmake)
-- Using all available rosidl_typesupport_c: rosidl_typesupport_fastrtps_c;rosidl_typesupport_introspection_c
-- Found rosidl_adapter: 3.1.5 (/opt/ros/humble/share/rosidl_adapter/cmake)
-- Using all available rosidl_typesupport_cpp: rosidl_typesupport_fastrtps_cpp;rosidl_typesupport_introspection_cpp
-- Found ament_cmake_ros: 0.10.0 (/opt/ros/humble/share/ament_cmake_ros/cmake)
-- Using all available rosidl_typesupport_c: rosidl_typesupport_fastrtps_c;rosidl_typesupport_introspection_c
-- Using all available rosidl_typesupport_cpp: rosidl_typesupport_fastrtps_cpp;rosidl_typesupport_introspection_cpp
-- Found PythonInterp: /usr/bin/python3 (found suitable version "3.10.12", minimum required is "3.6") 
-- Found python_cmake_module: 0.10.0 (/opt/ros/humble/share/python_cmake_module/cmake)
-- Found PythonLibs: /usr/lib/x86_64-linux-gnu/libpython3.10.so (found suitable version "3.10.12", minimum required is "3.5") 
-- Using PYTHON_EXECUTABLE: /usr/bin/python3
-- Using PYTHON_INCLUDE_DIRS: /usr/include/python3.10
-- Using PYTHON_LIBRARIES: /usr/lib/x86_64-linux-gnu/libpython3.10.so
-- Found PythonExtra: .so  
-- Configuring done
-- Generating done
-- Build files have been written to: /home/adrybcampo/quyca_ws/src/quycaros_pkg/build/quycaros_pkg
[  2%] [34m[1mGenerating C code for ROS interfaces[0m
[  4%] [34m[1mGenerating C++ code for ROS interfaces[0m
[  4%] Built target ament_cmake_python_copy_quycaros_pkg
running egg_info
creating quycaros_pkg.egg-info
writing quycaros_pkg.egg-info/PKG-INFO
writing dependency_links to quycaros_pkg.egg-info/dependency_links.txt
writing top-level names to quycaros_pkg.egg-info/top_level.txt
writing manifest file 'quycaros_pkg.egg-info/SOURCES.txt'
reading manifest file 'quycaros_pkg.egg-info/SOURCES.txt'
writing manifest file 'quycaros_pkg.egg-info/SOURCES.txt'
[  4%] Built target ament_cmake_python_build_quycaros_pkg_egg
[  4%] Built target quycaros_pkg__cpp
[ 10%] [34m[1mGenerating C++ type support for eProsima Fast-RTPS[0m
[ 10%] [34m[1mGenerating C++ type support dispatch for ROS interfaces[0m
[ 10%] [34m[1mGenerating C++ introspection for ROS interfaces[0m
[ 14%] [32mBuilding C object CMakeFiles/quycaros_pkg__rosidl_generator_c.dir/rosidl_generator_c/quycaros_pkg/srv/detail/get_variable__functions.c.o[0m
[ 14%] [32mBuilding C object CMakeFiles/quycaros_pkg__rosidl_generator_c.dir/rosidl_generator_c/quycaros_pkg/srv/detail/set_variable__functions.c.o[0m
[ 17%] [32mBuilding C object CMakeFiles/quycaros_pkg__rosidl_generator_c.dir/rosidl_generator_c/quycaros_pkg/msg/detail/control_msg__functions.c.o[0m
[ 23%] [32mBuilding CXX object CMakeFiles/quycaros_pkg__rosidl_typesupport_cpp.dir/rosidl_typesupport_cpp/quycaros_pkg/srv/set_variable__type_support.cpp.o[0m
[ 23%] [32mBuilding CXX object CMakeFiles/quycaros_pkg__rosidl_typesupport_cpp.dir/rosidl_typesupport_cpp/quycaros_pkg/msg/control_msg__type_support.cpp.o[0m
[ 23%] [32mBuilding CXX object CMakeFiles/quycaros_pkg__rosidl_typesupport_cpp.dir/rosidl_typesupport_cpp/quycaros_pkg/srv/get_variable__type_support.cpp.o[0m
[ 25%] [32m[1mLinking C shared library libquycaros_pkg__rosidl_generator_c.so[0m
[ 29%] [32mBuilding CXX object CMakeFiles/quycaros_pkg__rosidl_typesupport_introspection_cpp.dir/rosidl_typesupport_introspection_cpp/quycaros_pkg/msg/detail/control_msg__type_support.cpp.o[0m
[ 29%] [32mBuilding CXX object CMakeFiles/quycaros_pkg__rosidl_typesupport_introspection_cpp.dir/rosidl_typesupport_introspection_cpp/quycaros_pkg/srv/detail/set_variable__type_support.cpp.o[0m
[ 31%] [32mBuilding CXX object CMakeFiles/quycaros_pkg__rosidl_typesupport_introspection_cpp.dir/rosidl_typesupport_introspection_cpp/quycaros_pkg/srv/detail/get_variable__type_support.cpp.o[0m
[ 31%] Built target quycaros_pkg__rosidl_generator_c
[ 34%] [34m[1mGenerating C type support for eProsima Fast-RTPS[0m
[ 36%] [32mBuilding CXX object CMakeFiles/quycaros_pkg__rosidl_typesupport_fastrtps_cpp.dir/rosidl_typesupport_fastrtps_cpp/quycaros_pkg/msg/detail/dds_fastrtps/control_msg__type_support.cpp.o[0m
[ 38%] [32mBuilding CXX object CMakeFiles/quycaros_pkg__rosidl_typesupport_fastrtps_c.dir/rosidl_typesupport_fastrtps_c/quycaros_pkg/msg/detail/control_msg__type_support_c.cpp.o[0m
[ 42%] [32m[1mLinking CXX shared library libquycaros_pkg__rosidl_typesupport_cpp.so[0m
[ 42%] [32mBuilding CXX object CMakeFiles/quycaros_pkg__rosidl_typesupport_fastrtps_c.dir/rosidl_typesupport_fastrtps_c/quycaros_pkg/srv/detail/get_variable__type_support_c.cpp.o[0m
[ 44%] [34m[1mGenerating C introspection for ROS interfaces[0m
[ 44%] Built target quycaros_pkg__rosidl_typesupport_cpp
[ 46%] [32mBuilding CXX object CMakeFiles/quycaros_pkg__rosidl_typesupport_fastrtps_cpp.dir/rosidl_typesupport_fastrtps_cpp/quycaros_pkg/srv/detail/dds_fastrtps/get_variable__type_support.cpp.o[0m
[ 48%] [32mBuilding CXX object CMakeFiles/quycaros_pkg__rosidl_typesupport_fastrtps_cpp.dir/rosidl_typesupport_fastrtps_cpp/quycaros_pkg/srv/detail/dds_fastrtps/set_variable__type_support.cpp.o[0m
[ 51%] [34m[1mGenerating C type support dispatch for ROS interfaces[0m
[ 53%] [32m[1mLinking CXX shared library libquycaros_pkg__rosidl_typesupport_introspection_cpp.so[0m
[ 55%] [32mBuilding CXX object CMakeFiles/quycaros_pkg__rosidl_typesupport_fastrtps_c.dir/rosidl_typesupport_fastrtps_c/quycaros_pkg/srv/detail/set_variable__type_support_c.cpp.o[0m
[ 55%] Built target quycaros_pkg__rosidl_typesupport_introspection_cpp
[ 59%] [32mBuilding CXX object CMakeFiles/quycaros_pkg__rosidl_typesupport_c.dir/rosidl_typesupport_c/quycaros_pkg/srv/set_variable__type_support.cpp.o[0m
[ 59%] [32mBuilding CXX object CMakeFiles/quycaros_pkg__rosidl_typesupport_c.dir/rosidl_typesupport_c/quycaros_pkg/srv/get_variable__type_support.cpp.o[0m
[ 61%] [32mBuilding CXX object CMakeFiles/quycaros_pkg__rosidl_typesupport_c.dir/rosidl_typesupport_c/quycaros_pkg/msg/control_msg__type_support.cpp.o[0m
[ 63%] [32m[1mLinking CXX shared library libquycaros_pkg__rosidl_typesupport_c.so[0m
[ 65%] [32m[1mLinking CXX shared library libquycaros_pkg__rosidl_typesupport_fastrtps_c.so[0m
[ 65%] Built target quycaros_pkg__rosidl_typesupport_c
[ 72%] [32mBuilding C object CMakeFiles/quycaros_pkg__rosidl_typesupport_introspection_c.dir/rosidl_typesupport_introspection_c/quycaros_pkg/srv/detail/set_variable__type_support.c.o[0m
[ 72%] [32mBuilding C object CMakeFiles/quycaros_pkg__rosidl_typesupport_introspection_c.dir/rosidl_typesupport_introspection_c/quycaros_pkg/msg/detail/control_msg__type_support.c.o[0m
[ 72%] [32mBuilding C object CMakeFiles/quycaros_pkg__rosidl_typesupport_introspection_c.dir/rosidl_typesupport_introspection_c/quycaros_pkg/srv/detail/get_variable__type_support.c.o[0m
[ 74%] [32m[1mLinking C shared library libquycaros_pkg__rosidl_typesupport_introspection_c.so[0m
[ 74%] Built target quycaros_pkg__rosidl_typesupport_introspection_c
[ 76%] [32m[1mLinking CXX shared library libquycaros_pkg__rosidl_typesupport_fastrtps_cpp.so[0m
[ 76%] Built target quycaros_pkg__rosidl_typesupport_fastrtps_c
[ 76%] Built target quycaros_pkg__rosidl_typesupport_fastrtps_cpp
[ 76%] Built target quycaros_pkg
[ 78%] [34m[1mGenerating Python code for ROS interfaces[0m
[ 78%] Built target quycaros_pkg__py
[ 85%] [32mBuilding C object CMakeFiles/quycaros_pkg__rosidl_generator_py.dir/rosidl_generator_py/quycaros_pkg/srv/_set_variable_s.c.o[0m
[ 85%] [32mBuilding C object CMakeFiles/quycaros_pkg__rosidl_generator_py.dir/rosidl_generator_py/quycaros_pkg/msg/_control_msg_s.c.o[0m
[ 85%] [32mBuilding C object CMakeFiles/quycaros_pkg__rosidl_generator_py.dir/rosidl_generator_py/quycaros_pkg/srv/_get_variable_s.c.o[0m
gmake[2]: *** [CMakeFiles/quycaros_pkg__rosidl_generator_py.dir/build.make:76: CMakeFiles/quycaros_pkg__rosidl_generator_py.dir/rosidl_generator_py/quycaros_pkg/msg/_control_msg_s.c.o] Interrupt
gmake[2]: *** [CMakeFiles/quycaros_pkg__rosidl_generator_py.dir/build.make:90: CMakeFiles/quycaros_pkg__rosidl_generator_py.dir/rosidl_generator_py/quycaros_pkg/srv/_get_variable_s.c.o] Interrupt
gmake[2]: *** [CMakeFiles/quycaros_pkg__rosidl_generator_py.dir/build.make:104: CMakeFiles/quycaros_pkg__rosidl_generator_py.dir/rosidl_generator_py/quycaros_pkg/srv/_set_variable_s.c.o] Interrupt
gmake[1]: *** [CMakeFiles/Makefile2:475: CMakeFiles/quycaros_pkg__rosidl_generator_py.dir/all] Interrupt
gmake: *** [Makefile:146: all] Interrupt
