[0.012s] Invoking command in '/home/adrybcampo/quyca_ws/src/quycaros_pkg/build/quycaros_pkg': CMAKE_PREFIX_PATH=${CMAKE_PREFIX_PATH}:/home/adrybcampo/quyca_ws/install/quycaros_py_pkg:/home/adrybcampo/turtlebot3_ws/install/turtlebot3_teleop:/home/adrybcampo/turtlebot3_ws/install/turtlebot3_example:/home/adrybcampo/ros2_ws/install/my_py_pkg:/opt/ros/humble /usr/bin/cmake /home/adrybcampo/quyca_ws/src/quycaros_pkg -DCMAKE_INSTALL_PREFIX=/home/adrybcampo/quyca_ws/src/quycaros_pkg/install/quycaros_pkg
[1.989s] -- The C compiler identification is GNU 11.4.0
[2.925s] -- The CXX compiler identification is GNU 11.4.0
[2.936s] -- Detecting C compiler ABI info
[3.134s] -- Detecting C compiler ABI info - done
[3.142s] -- Check for working C compiler: /usr/bin/cc - skipped
[3.142s] -- Detecting C compile features
[3.170s] -- Detecting C compile features - done
[3.175s] -- Detecting CXX compiler ABI info
[3.371s] -- Detecting CXX compiler ABI info - done
[3.379s] -- Check for working CXX compiler: /usr/bin/c++ - skipped
[3.380s] -- Detecting CXX compile features
[3.380s] -- Detecting CXX compile features - done
[3.417s] -- Found ament_cmake: 1.3.10 (/opt/ros/humble/share/ament_cmake/cmake)
[3.597s] -- Found Python3: /usr/bin/python3 (found version "3.10.12") found components: Interpreter 
[3.762s] -- Found rosidl_default_generators: 1.2.0 (/opt/ros/humble/share/rosidl_default_generators/cmake)
[3.771s] -- Using all available rosidl_typesupport_c: rosidl_typesupport_fastrtps_c;rosidl_typesupport_introspection_c
[3.797s] -- Found rosidl_adapter: 3.1.5 (/opt/ros/humble/share/rosidl_adapter/cmake)
[3.864s] -- Using all available rosidl_typesupport_cpp: rosidl_typesupport_fastrtps_cpp;rosidl_typesupport_introspection_cpp
[4.220s] -- Found ament_cmake_ros: 0.10.0 (/opt/ros/humble/share/ament_cmake_ros/cmake)
[4.432s] -- Using all available rosidl_typesupport_c: rosidl_typesupport_fastrtps_c;rosidl_typesupport_introspection_c
[4.697s] -- Using all available rosidl_typesupport_cpp: rosidl_typesupport_fastrtps_cpp;rosidl_typesupport_introspection_cpp
[4.752s] -- Found PythonInterp: /usr/bin/python3 (found suitable version "3.10.12", minimum required is "3.6") 
[4.757s] -- Found python_cmake_module: 0.10.0 (/opt/ros/humble/share/python_cmake_module/cmake)
[4.876s] -- Found PythonLibs: /usr/lib/x86_64-linux-gnu/libpython3.10.so (found suitable version "3.10.12", minimum required is "3.5") 
[4.876s] -- Using PYTHON_EXECUTABLE: /usr/bin/python3
[4.877s] -- Using PYTHON_INCLUDE_DIRS: /usr/include/python3.10
[4.877s] -- Using PYTHON_LIBRARIES: /usr/lib/x86_64-linux-gnu/libpython3.10.so
[4.938s] -- Found PythonExtra: .so  
[5.009s] -- Configuring done
[5.057s] -- Generating done
[5.060s] -- Build files have been written to: /home/adrybcampo/quyca_ws/src/quycaros_pkg/build/quycaros_pkg
[5.069s] Invoked command in '/home/adrybcampo/quyca_ws/src/quycaros_pkg/build/quycaros_pkg' returned '0': CMAKE_PREFIX_PATH=${CMAKE_PREFIX_PATH}:/home/adrybcampo/quyca_ws/install/quycaros_py_pkg:/home/adrybcampo/turtlebot3_ws/install/turtlebot3_teleop:/home/adrybcampo/turtlebot3_ws/install/turtlebot3_example:/home/adrybcampo/ros2_ws/install/my_py_pkg:/opt/ros/humble /usr/bin/cmake /home/adrybcampo/quyca_ws/src/quycaros_pkg -DCMAKE_INSTALL_PREFIX=/home/adrybcampo/quyca_ws/src/quycaros_pkg/install/quycaros_pkg
[5.071s] Invoking command in '/home/adrybcampo/quyca_ws/src/quycaros_pkg/build/quycaros_pkg': CMAKE_PREFIX_PATH=${CMAKE_PREFIX_PATH}:/home/adrybcampo/quyca_ws/install/quycaros_py_pkg:/home/adrybcampo/turtlebot3_ws/install/turtlebot3_teleop:/home/adrybcampo/turtlebot3_ws/install/turtlebot3_example:/home/adrybcampo/ros2_ws/install/my_py_pkg:/opt/ros/humble /usr/bin/cmake --build /home/adrybcampo/quyca_ws/src/quycaros_pkg/build/quycaros_pkg -- -j8 -l8
[5.120s] [  2%] [34m[1mGenerating C code for ROS interfaces[0m
[5.134s] [  4%] [34m[1mGenerating C++ code for ROS interfaces[0m
[5.146s] [  4%] Built target ament_cmake_python_copy_quycaros_pkg
[5.496s] running egg_info
[5.497s] creating quycaros_pkg.egg-info
[5.497s] writing quycaros_pkg.egg-info/PKG-INFO
[5.497s] writing dependency_links to quycaros_pkg.egg-info/dependency_links.txt
[5.497s] writing top-level names to quycaros_pkg.egg-info/top_level.txt
[5.497s] writing manifest file 'quycaros_pkg.egg-info/SOURCES.txt'
[5.500s] reading manifest file 'quycaros_pkg.egg-info/SOURCES.txt'
[5.501s] writing manifest file 'quycaros_pkg.egg-info/SOURCES.txt'
[5.538s] [  4%] Built target ament_cmake_python_build_quycaros_pkg_egg
[5.705s] [  4%] Built target quycaros_pkg__cpp
[5.720s] [ 10%] [34m[1mGenerating C++ type support for eProsima Fast-RTPS[0m
[5.720s] [ 10%] [34m[1mGenerating C++ type support dispatch for ROS interfaces[0m
[5.720s] [ 10%] [34m[1mGenerating C++ introspection for ROS interfaces[0m
[5.831s] [ 14%] [32mBuilding C object CMakeFiles/quycaros_pkg__rosidl_generator_c.dir/rosidl_generator_c/quycaros_pkg/srv/detail/get_variable__functions.c.o[0m
[5.831s] [ 14%] [32mBuilding C object CMakeFiles/quycaros_pkg__rosidl_generator_c.dir/rosidl_generator_c/quycaros_pkg/srv/detail/set_variable__functions.c.o[0m
[5.835s] [ 17%] [32mBuilding C object CMakeFiles/quycaros_pkg__rosidl_generator_c.dir/rosidl_generator_c/quycaros_pkg/msg/detail/control_msg__functions.c.o[0m
[6.241s] [ 23%] [32mBuilding CXX object CMakeFiles/quycaros_pkg__rosidl_typesupport_cpp.dir/rosidl_typesupport_cpp/quycaros_pkg/srv/set_variable__type_support.cpp.o[0m
[6.241s] [ 23%] [32mBuilding CXX object CMakeFiles/quycaros_pkg__rosidl_typesupport_cpp.dir/rosidl_typesupport_cpp/quycaros_pkg/msg/control_msg__type_support.cpp.o[0m
[6.241s] [ 23%] [32mBuilding CXX object CMakeFiles/quycaros_pkg__rosidl_typesupport_cpp.dir/rosidl_typesupport_cpp/quycaros_pkg/srv/get_variable__type_support.cpp.o[0m
[6.318s] [ 25%] [32m[1mLinking C shared library libquycaros_pkg__rosidl_generator_c.so[0m
[6.330s] [ 29%] [32mBuilding CXX object CMakeFiles/quycaros_pkg__rosidl_typesupport_introspection_cpp.dir/rosidl_typesupport_introspection_cpp/quycaros_pkg/msg/detail/control_msg__type_support.cpp.o[0m
[6.330s] [ 29%] [32mBuilding CXX object CMakeFiles/quycaros_pkg__rosidl_typesupport_introspection_cpp.dir/rosidl_typesupport_introspection_cpp/quycaros_pkg/srv/detail/set_variable__type_support.cpp.o[0m
[6.334s] [ 31%] [32mBuilding CXX object CMakeFiles/quycaros_pkg__rosidl_typesupport_introspection_cpp.dir/rosidl_typesupport_introspection_cpp/quycaros_pkg/srv/detail/get_variable__type_support.cpp.o[0m
[6.385s] [ 31%] Built target quycaros_pkg__rosidl_generator_c
[6.402s] [ 34%] [34m[1mGenerating C type support for eProsima Fast-RTPS[0m
[6.513s] [ 36%] [32mBuilding CXX object CMakeFiles/quycaros_pkg__rosidl_typesupport_fastrtps_cpp.dir/rosidl_typesupport_fastrtps_cpp/quycaros_pkg/msg/detail/dds_fastrtps/control_msg__type_support.cpp.o[0m
[6.992s] [ 38%] [32mBuilding CXX object CMakeFiles/quycaros_pkg__rosidl_typesupport_fastrtps_c.dir/rosidl_typesupport_fastrtps_c/quycaros_pkg/msg/detail/control_msg__type_support_c.cpp.o[0m
[7.725s] [ 42%] [32m[1mLinking CXX shared library libquycaros_pkg__rosidl_typesupport_cpp.so[0m
[7.725s] [ 42%] [32mBuilding CXX object CMakeFiles/quycaros_pkg__rosidl_typesupport_fastrtps_c.dir/rosidl_typesupport_fastrtps_c/quycaros_pkg/srv/detail/get_variable__type_support_c.cpp.o[0m
[7.725s] [ 44%] [34m[1mGenerating C introspection for ROS interfaces[0m
[7.840s] [ 44%] Built target quycaros_pkg__rosidl_typesupport_cpp
[7.862s] [ 46%] [32mBuilding CXX object CMakeFiles/quycaros_pkg__rosidl_typesupport_fastrtps_cpp.dir/rosidl_typesupport_fastrtps_cpp/quycaros_pkg/srv/detail/dds_fastrtps/get_variable__type_support.cpp.o[0m
[7.874s] [ 48%] [32mBuilding CXX object CMakeFiles/quycaros_pkg__rosidl_typesupport_fastrtps_cpp.dir/rosidl_typesupport_fastrtps_cpp/quycaros_pkg/srv/detail/dds_fastrtps/set_variable__type_support.cpp.o[0m
[7.912s] [ 51%] [34m[1mGenerating C type support dispatch for ROS interfaces[0m
[7.929s] [ 53%] [32m[1mLinking CXX shared library libquycaros_pkg__rosidl_typesupport_introspection_cpp.so[0m
[7.929s] [ 55%] [32mBuilding CXX object CMakeFiles/quycaros_pkg__rosidl_typesupport_fastrtps_c.dir/rosidl_typesupport_fastrtps_c/quycaros_pkg/srv/detail/set_variable__type_support_c.cpp.o[0m
[8.128s] [ 55%] Built target quycaros_pkg__rosidl_typesupport_introspection_cpp
[8.476s] [ 59%] [32mBuilding CXX object CMakeFiles/quycaros_pkg__rosidl_typesupport_c.dir/rosidl_typesupport_c/quycaros_pkg/srv/set_variable__type_support.cpp.o[0m
[8.480s] [ 59%] [32mBuilding CXX object CMakeFiles/quycaros_pkg__rosidl_typesupport_c.dir/rosidl_typesupport_c/quycaros_pkg/srv/get_variable__type_support.cpp.o[0m
[8.480s] [ 61%] [32mBuilding CXX object CMakeFiles/quycaros_pkg__rosidl_typesupport_c.dir/rosidl_typesupport_c/quycaros_pkg/msg/control_msg__type_support.cpp.o[0m
[8.569s] [ 63%] [32m[1mLinking CXX shared library libquycaros_pkg__rosidl_typesupport_c.so[0m
[8.660s] [ 65%] [32m[1mLinking CXX shared library libquycaros_pkg__rosidl_typesupport_fastrtps_c.so[0m
[8.671s] [ 65%] Built target quycaros_pkg__rosidl_typesupport_c
[8.675s] [ 72%] [32mBuilding C object CMakeFiles/quycaros_pkg__rosidl_typesupport_introspection_c.dir/rosidl_typesupport_introspection_c/quycaros_pkg/srv/detail/set_variable__type_support.c.o[0m
[8.675s] [ 72%] [32mBuilding C object CMakeFiles/quycaros_pkg__rosidl_typesupport_introspection_c.dir/rosidl_typesupport_introspection_c/quycaros_pkg/msg/detail/control_msg__type_support.c.o[0m
[8.675s] [ 72%] [32mBuilding C object CMakeFiles/quycaros_pkg__rosidl_typesupport_introspection_c.dir/rosidl_typesupport_introspection_c/quycaros_pkg/srv/detail/get_variable__type_support.c.o[0m
[8.763s] [ 74%] [32m[1mLinking C shared library libquycaros_pkg__rosidl_typesupport_introspection_c.so[0m
[8.820s] [ 74%] Built target quycaros_pkg__rosidl_typesupport_introspection_c
[8.834s] [ 76%] [32m[1mLinking CXX shared library libquycaros_pkg__rosidl_typesupport_fastrtps_cpp.so[0m
[8.836s] [ 76%] Built target quycaros_pkg__rosidl_typesupport_fastrtps_c
[8.942s] [ 76%] Built target quycaros_pkg__rosidl_typesupport_fastrtps_cpp
[8.971s] [ 76%] Built target quycaros_pkg
[9.002s] [ 78%] [34m[1mGenerating Python code for ROS interfaces[0m
[9.693s] [ 78%] Built target quycaros_pkg__py
[9.719s] [ 85%] [32mBuilding C object CMakeFiles/quycaros_pkg__rosidl_generator_py.dir/rosidl_generator_py/quycaros_pkg/srv/_set_variable_s.c.o[0m
[9.719s] [ 85%] [32mBuilding C object CMakeFiles/quycaros_pkg__rosidl_generator_py.dir/rosidl_generator_py/quycaros_pkg/msg/_control_msg_s.c.o[0m
[9.719s] [ 85%] [32mBuilding C object CMakeFiles/quycaros_pkg__rosidl_generator_py.dir/rosidl_generator_py/quycaros_pkg/srv/_get_variable_s.c.o[0m
[9.762s] gmake[2]: *** [CMakeFiles/quycaros_pkg__rosidl_generator_py.dir/build.make:76: CMakeFiles/quycaros_pkg__rosidl_generator_py.dir/rosidl_generator_py/quycaros_pkg/msg/_control_msg_s.c.o] Interrupt
[9.763s] gmake[2]: *** [CMakeFiles/quycaros_pkg__rosidl_generator_py.dir/build.make:90: CMakeFiles/quycaros_pkg__rosidl_generator_py.dir/rosidl_generator_py/quycaros_pkg/srv/_get_variable_s.c.o] Interrupt
[9.763s] gmake[2]: *** [CMakeFiles/quycaros_pkg__rosidl_generator_py.dir/build.make:104: CMakeFiles/quycaros_pkg__rosidl_generator_py.dir/rosidl_generator_py/quycaros_pkg/srv/_set_variable_s.c.o] Interrupt
[9.763s] gmake[1]: *** [CMakeFiles/Makefile2:475: CMakeFiles/quycaros_pkg__rosidl_generator_py.dir/all] Interrupt
[9.763s] gmake: *** [Makefile:146: all] Interrupt
[9.766s] Invoked command in '/home/adrybcampo/quyca_ws/src/quycaros_pkg/build/quycaros_pkg' returned '-2': CMAKE_PREFIX_PATH=${CMAKE_PREFIX_PATH}:/home/adrybcampo/quyca_ws/install/quycaros_py_pkg:/home/adrybcampo/turtlebot3_ws/install/turtlebot3_teleop:/home/adrybcampo/turtlebot3_ws/install/turtlebot3_example:/home/adrybcampo/ros2_ws/install/my_py_pkg:/opt/ros/humble /usr/bin/cmake --build /home/adrybcampo/quyca_ws/src/quycaros_pkg/build/quycaros_pkg -- -j8 -l8
